#
# A fatal error has been detected by the Java Runtime Environment:
#
#  EXCEPTION_ACCESS_VIOLATION (0xc0000005) at pc=0x00007ffb26563004, pid=8352, tid=15428
#
# JRE version: Java(TM) SE Runtime Environment (24.0.1+9) (build 24.0.1+9-30)
# Java VM: Java HotSpot(TM) 64-Bit Server VM (24.0.1+9-30, mixed mode, sharing, tiered, compressed oops, compressed class ptrs, g1 gc, windows-amd64)
# Problematic frame:
# C  [libasyncProfiler.dll+0x93004]
#
# No core dump will be written. Minidumps are not enabled by default on client versions of Windows
#
# JFR recording file will be written. Location: C:\Users\Negar\Documents\GitHub\advanced-programming-phase-1-group-12\hs_err_pid8352.jfr
#
# If you would like to submit a bug report, please visit:
#   https://bugreport.java.com/bugreport/crash.jsp
# The crash happened outside the Java Virtual Machine in native code.
# See problematic frame for where to report the bug.
#

---------------  S U M M A R Y ------------

Command Line: -javaagent:C:\Program Files\JetBrains\IntelliJ IDEA 2024.3.5\lib\idea_rt.jar=58085 -Dfile.encoding=UTF-8 -Dsun.stdout.encoding=UTF-8 -Dsun.stderr.encoding=UTF-8 Main

Host: Intel(R) Core(TM) i7-7500U CPU @ 2.70GHz, 4 cores, 11G,  Windows 11 , 64 bit Build 26100 (10.0.26100.2454)
Time: Fri Apr 25 05:53:13 2025 Pacific Daylight Time elapsed time: 12.554571 seconds (0d 0h 0m 12s)

---------------  T H R E A D  ---------------

Current thread (0x0000021d75706120):  JavaThread "Attach Listener" daemon [_thread_in_native, id=15428, stack(0x0000003757a00000,0x0000003757b00000) (1024K)]

Stack: [0x0000003757a00000,0x0000003757b00000],  sp=0x0000003757aff070,  free space=1020k
Native frames: (J=compiled Java code, j=interpreted, Vv=VM code, C=native code)
C  [libasyncProfiler.dll+0x93004]  (no source info available)
C  [libasyncProfiler.dll+0x934db]  (no source info available)
C  [libasyncProfiler.dll+0x92134]  (no source info available)
C  [libasyncProfiler.dll+0x929aa]  (no source info available)
C  [libasyncProfiler.dll+0x8d561]  (no source info available)
C  [libasyncProfiler.dll+0x7ef21]  (no source info available)
C  [libasyncProfiler.dll+0x7dc38]  (no source info available)
C  [libasyncProfiler.dll+0x7db20]  (no source info available)
C  [libasyncProfiler.dll+0x84af9]  (no source info available)
V  [jvm.dll+0x57eff7]  (no source info available)
V  [jvm.dll+0x57fdac]  (no source info available)
V  [jvm.dll+0x14ca17]  (no source info available)
V  [jvm.dll+0x14dfe1]  (no source info available)
V  [jvm.dll+0x42f456]  (no source info available)
V  [jvm.dll+0x87d76b]  (no source info available)
V  [jvm.dll+0x72ee55]  (no source info available)
C  [ucrtbase.dll+0x14ea0]  (no source info available)
C  [KERNEL32.DLL+0x2e8d7]  (no source info available)
C  [ntdll.dll+0xdfbcc]  (no source info available)


siginfo: EXCEPTION_ACCESS_VIOLATION (0xc0000005), reading address 0xffffffffffffffff


Registers:
RAX=0x0000000000000010, RBX=0x0000000000000000, RCX=0xffffffffffffffff, RDX=0x007ffb290a301010
RSP=0x0000003757aff070, RBP=0x0000021d450ad608, RSI=0x0000003757aff1e0, RDI=0x0000021d450ad608
R8 =0x0000000000000042, R9 =0x000000074da01ed8, R10=0x00007ffb29319fb0, R11=0x0000000000000002
R12=0x0000003757aff1e0, R13=0x0000021d45d64aa0, R14=0x0000021d757064e8, R15=0x0000021d757064e8
RIP=0x00007ffb26563004, EFLAGS=0x0000000000010202

XMM[0]=0x0000000000000000 0x0000000000000000
XMM[1]=0x0000000000000000 0x0000000000000000
XMM[2]=0x0000000000000000 0x0000000000000000
XMM[3]=0x0000000000000000 0x0000000000000000
XMM[4]=0x0000000000000000 0x0000000000000000
XMM[5]=0x0000000000000000 0x0000000000000000
XMM[6]=0x0000000000000000 0x0000000000000000
XMM[7]=0x0000000000000000 0x0000000000000000
XMM[8]=0x0000000000000000 0x0000000000000000
XMM[9]=0x0000000000000000 0x0000000000000000
XMM[10]=0x0000000000000000 0x0000000000000000
XMM[11]=0x0000000000000000 0x0000000000000000
XMM[12]=0x0000000000000000 0x0000000000000000
XMM[13]=0x0000000000000000 0x0000000000000000
XMM[14]=0x0000000000000000 0x0000000000000000
XMM[15]=0x0000000000000000 0x0000000000000000
  MXCSR=0x00001fa0


Register to memory mapping:

RAX=0x0000000000000010 is an unknown value
RBX=0x0 is null
RCX=0xffffffffffffffff is an unknown value
RDX=0x007ffb290a301010 is an unknown value
RSP=0x0000003757aff070 is pointing into the stack for thread: 0x0000021d75706120
RBP=0x0000021d450ad608 points into unknown readable memory: 0x000000074da01ed8 | d8 1e a0 4d 07 00 00 00
RSI=0x0000003757aff1e0 is pointing into the stack for thread: 0x0000021d75706120
RDI=0x0000021d450ad608 points into unknown readable memory: 0x000000074da01ed8 | d8 1e a0 4d 07 00 00 00
R8 =0x0000000000000042 is an unknown value
R9 =0x000000074da01ed8 is an oop: java.lang.Thread 
{0x000000074da01ed8} - klass: 'java/lang/Thread' - flags: 

 - ---- fields (total size 14 words):
 - 'threadLocalRandomProbe' 'I' @12  0 (0x00000000)
 - private volatile 'eetop' 'J' @16  2325050597168 (0x0000021d57d09f30)
 - private final 'tid' 'J' @24  3 (0x0000000000000003)
 - 'threadLocalRandomSeed' 'J' @32  0 (0x0000000000000000)
 - injected 'jvmti_thread_state' 'J' @40  2324752420752 (0x0000021d460acf90)
 - 'threadLocalRandomSecondarySeed' 'I' @48  0 (0x00000000)
 - injected 'jvmti_VTMS_transition_disable_count' 'I' @52  0 (0x00000000)
 - injected 'jfr_epoch' 'S' @56  0 (0x0000)
 - volatile 'interrupted' 'Z' @58  false (0x00)
 - injected 'jvmti_is_in_VTMS_transition' 'Z' @59  false (0x00)
 - private volatile 'name' 'Ljava/lang/String;' @60  "main"{0x000000074da01f48} (0xe9b403e9)
 - private volatile 'contextClassLoader' 'Ljava/lang/ClassLoader;' @64  a 'jdk/internal/loader/ClassLoaders$AppClassLoader'{0x000000074da16280} (0xe9b42c50)
 - private final 'holder' 'Ljava/lang/Thread$FieldHolder;' @68  a 'java/lang/Thread$FieldHolder'{0x000000074da01f88} (0xe9b403f1)
 - 'threadLocals' 'Ljava/lang/ThreadLocal$ThreadLocalMap;' @72  a 'java/lang/ThreadLocal$ThreadLocalMap'{0x000000074d8a4408} (0xe9b14881)
 - 'inheritableThreadLocals' 'Ljava/lang/ThreadLocal$ThreadLocalMap;' @76  null (0x00000000)
 - private 'scopedValueBindings' 'Ljava/lang/Object;' @80  a 'java/lang/Class'{0x00000007ffe7c890} = 'java/lang/Thread' (0xfffcf912)
 - final 'interruptLock' 'Ljava/lang/Object;' @84  a 'java/lang/Object'{0x000000074da01f78} (0xe9b403ef)
 - private volatile 'parkBlocker' 'Ljava/lang/Object;' @88  null (0x00000000)
 - private 'nioBlocker' 'Lsun/nio/ch/Interruptible;' @92  null (0x00000000)
 - private 'cont' 'Ljdk/internal/vm/Continuation;' @96  null (0x00000000)
 - private volatile 'uncaughtExceptionHandler' 'Ljava/lang/Thread$UncaughtExceptionHandler;' @100  null (0x00000000)
 - private 'container' 'Ljdk/internal/vm/ThreadContainer;' @104  null (0x00000000)
 - private volatile 'headStackableScopes' 'Ljdk/internal/vm/StackableScope;' @108  null (0x00000000)
R10=0x00007ffb29319fb0 jvm.dll
R11=0x0000000000000002 is an unknown value
R12=0x0000003757aff1e0 is pointing into the stack for thread: 0x0000021d75706120
R13=0x0000021d45d64aa0 points into unknown readable memory: 0x00007ffb2928a510 | 10 a5 28 29 fb 7f 00 00
R14=0x0000021d757064e8 points into unknown readable memory: 0x00007ffb292817b0 | b0 17 28 29 fb 7f 00 00
R15=0x0000021d757064e8 points into unknown readable memory: 0x00007ffb292817b0 | b0 17 28 29 fb 7f 00 00

Top of Stack: (sp=0x0000003757aff070)
0x0000003757aff070:   0000003757aff1e0 0000021d450ad608   ...W7......E....
0x0000003757aff080:   0000000000000000 0000021d75706870   ........phpu....
0x0000003757aff090:   000000000000001e 00007ffb265634db   .........4V&....
0x0000003757aff0a0:   0000000000000000 0000021d757064e8   .........dpu....
0x0000003757aff0b0:   0000003757aff101 0000000000000000   ...W7...........
0x0000003757aff0c0:   0000021d45cdfc00 00007ffb26562134   ...E....4!V&....
0x0000003757aff0d0:   0000000000000000 000000000000001e   ................
0x0000003757aff0e0:   0000000000000000 000000000000001e   ................
0x0000003757aff0f0:   0000000e00000002 0000021d4618c5b0   ...........F....
0x0000003757aff100:   0000021d45cdfc00 0000021d45cdfc78   ...E....x..E....
0x0000003757aff110:   0000021d45cdfca8 0000000000001c44   ...E....D.......
0x0000003757aff120:   0000000000000000 0000000000000000   ................
0x0000003757aff130:   0000000000000000 00007ffb28ae57d4   .........W.(....
0x0000003757aff140:   00007ffb266bae00 00000000000020a0   ..k&..... ......
0x0000003757aff150:   00007ffb266bae00 00000000ffffffff   ..k&............
0x0000003757aff160:   0000000000000000 00007ffb265629aa   .........)V&....
0x0000003757aff170:   0000021d757064e8 0000000000000000   .dpu............
0x0000003757aff180:   0000003757aff1e9 0000021d45d64aa0   ...W7....J.E....
0x0000003757aff190:   0000000000000004 0000000000000048   ........H.......
0x0000003757aff1a0:   0000000800800310 0000000000000020   ........ .......
0x0000003757aff1b0:   0000021d757064e8 00007ffb266bae00   .dpu......k&....
0x0000003757aff1c0:   0000021d755b50f0 0000021d460acf90   .P[u.......F....
0x0000003757aff1d0:   0000000800800390 0000021d757064e8   .........dpu....
0x0000003757aff1e0:   0000021d45882260 0000021d45882620   `".E.... &.E....
0x0000003757aff1f0:   0000021d45882620 00007ffb266bae00    &.E......k&....
0x0000003757aff200:   0000021d45d3fd68 0000003757aff378   h..E....x..W7...
0x0000003757aff210:   0000003757aff4b0 0000000000008840   ...W7...@.......
0x0000003757aff220:   0000003757aff690 00007ffb266bae50   ...W7...P.k&....
0x0000003757aff230:   0000000000989680 0000000000989680   ................
0x0000003757aff240:   0000003757aff350 00007ffb2655d561   P..W7...a.U&....
0x0000003757aff250:   00007ffb266bae00 00007ffb266bae58   ..k&....X.k&....
0x0000003757aff260:   00007ffb00000000 00007ffb00000001   ................

Instructions: (pc=0x00007ffb26563004)
  0x00007ffb26562f04:   cc cc cc cc cc cc cc cc cc cc cc cc cc cc cc cc
  0x00007ffb26562f14:   cc cc cc cc cc cc cc cc cc cc cc cc cc cc cc cc
  0x00007ffb26562f24:   cc cc cc cc cc cc cc cc cc cc cc cc cc cc cc cc
  0x00007ffb26562f34:   cc cc cc cc cc cc cc cc cc cc cc cc cc cc cc cc
  0x00007ffb26562f44:   cc cc cc cc cc cc cc cc cc cc cc cc cc cc cc cc
  0x00007ffb26562f54:   cc cc cc cc cc cc cc cc cc cc cc cc cc cc cc cc
  0x00007ffb26562f64:   cc cc cc cc cc cc cc cc cc cc cc cc cc cc cc cc
  0x00007ffb26562f74:   cc cc cc cc cc cc cc cc cc cc cc cc cc cc cc cc
  0x00007ffb26562f84:   cc cc cc cc cc cc cc cc cc cc cc cc 40 57 48 83
  0x00007ffb26562f94:   ec 20 48 8b f9 48 8b 0d 30 80 15 00 48 85 c9 74
  0x00007ffb26562fa4:   20 48 8b 01 48 8d 54 24 38 41 b8 06 00 01 00 4c
  0x00007ffb26562fb4:   8b 48 30 41 ff d1 85 c0 75 07 48 8b 4c 24 38 eb
  0x00007ffb26562fc4:   02 33 c9 4c 8b 05 0a 81 15 00 48 89 5c 24 30 4d
  0x00007ffb26562fd4:   85 c0 74 4a 48 8b 01 48 8b d7 4c 8b 88 28 03 00
  0x00007ffb26562fe4:   00 41 ff d1 48 85 c0 74 35 48 63 0d b8 3d 15 00
  0x00007ffb26562ff4:   48 8b 14 01 48 85 d2 74 15 48 63 05 bc 3d 15 00
=>0x00007ffb26563004:   8b 04 10 48 8b 5c 24 30 48 83 c4 20 5f c3 b8 ff
  0x00007ffb26563014:   ff ff ff 48 8b 5c 24 30 48 83 c4 20 5f c3 80 3d
  0x00007ffb26563024:   bb 7f 15 00 00 bb ff ff ff ff 74 20 4c 8b 0d 51
  0x00007ffb26563034:   7c 15 00 4c 8d 44 24 38 48 8b 0d 35 7c 15 00 48
  0x00007ffb26563044:   8b d7 41 ff d1 85 c0 0f 44 5c 24 38 8b c3 48 8b
  0x00007ffb26563054:   5c 24 30 48 83 c4 20 5f c3 cc cc cc cc cc cc cc
  0x00007ffb26563064:   cc cc cc cc cc cc cc cc cc cc cc cc cc cc cc cc
  0x00007ffb26563074:   cc cc cc cc cc cc cc cc cc cc cc cc cc cc cc cc
  0x00007ffb26563084:   cc cc cc cc cc cc cc cc cc cc cc cc 48 89 54 24
  0x00007ffb26563094:   10 53 55 56 57 41 56 41 57 48 83 ec 28 48 8b f2
  0x00007ffb265630a4:   4c 8b f1 48 89 4c 24 78 45 33 ff 44 89 7c 24 68
  0x00007ffb265630b4:   c7 44 24 60 01 00 00 00 48 8d 4c 24 68 e8 69 3c
  0x00007ffb265630c4:   f7 ff 8b d8 48 8d 4c 24 60 e8 5d 3c f7 ff 8b e8
  0x00007ffb265630d4:   49 8b ce e8 33 f3 f6 ff 48 8b f8 90 8b c3 f0 0f
  0x00007ffb265630e4:   b1 2f 74 04 f3 90 eb f4 4c 89 3e 4c 89 7e 08 4c
  0x00007ffb265630f4:   89 7e 10 49 8b 6e 08 4d 8b 76 10 49 3b ee 0f 84


Stack slot to memory mapping:

stack at sp + 0 slots: 0x0000003757aff1e0 is pointing into the stack for thread: 0x0000021d75706120
stack at sp + 1 slots: 0x0000021d450ad608 points into unknown readable memory: 0x000000074da01ed8 | d8 1e a0 4d 07 00 00 00
stack at sp + 2 slots: 0x0 is null
stack at sp + 3 slots: 0x0000021d75706870 points into unknown readable memory: 0x6e616c2e6176616a | 6a 61 76 61 2e 6c 61 6e
stack at sp + 4 slots: 0x000000000000001e is an unknown value
stack at sp + 5 slots: 0x00007ffb265634db libasyncProfiler.dll
stack at sp + 6 slots: 0x0 is null
stack at sp + 7 slots: 0x0000021d757064e8 points into unknown readable memory: 0x00007ffb292817b0 | b0 17 28 29 fb 7f 00 00

Lock stack of current Java thread (top to bottom):


---------------  P R O C E S S  ---------------

Threads class SMR info:
_java_thread_list=0x0000021d450d08b0, length=18, elements={
0x0000021d57d09f30, 0x0000021d756fd420, 0x0000021d756fe150, 0x0000021d757055f0,
0x0000021d75706120, 0x0000021d75707c60, 0x0000021d757088c0, 0x0000021d7570c9a0,
0x0000021d7570d780, 0x0000021d451b0170, 0x0000021d451d3670, 0x0000021d451d3db0,
0x0000021d4601c300, 0x0000021d459a6470, 0x0000021d45ef6c10, 0x0000021d45ef9b40,
0x0000021d462ff060, 0x0000021d462e36d0
}

Java Threads: ( => current thread )
  0x0000021d57d09f30 JavaThread "main"                              [_thread_in_native, id=15860, stack(0x0000003756f00000,0x0000003757000000) (1024K)]
  0x0000021d756fd420 JavaThread "Reference Handler"          daemon [_thread_blocked, id=11268, stack(0x0000003757700000,0x0000003757800000) (1024K)]
  0x0000021d756fe150 JavaThread "Finalizer"                  daemon [_thread_blocked, id=12156, stack(0x0000003757800000,0x0000003757900000) (1024K)]
  0x0000021d757055f0 JavaThread "Signal Dispatcher"          daemon [_thread_blocked, id=4248, stack(0x0000003757900000,0x0000003757a00000) (1024K)]
=>0x0000021d75706120 JavaThread "Attach Listener"            daemon [_thread_in_native, id=15428, stack(0x0000003757a00000,0x0000003757b00000) (1024K)]
  0x0000021d75707c60 JavaThread "Service Thread"             daemon [_thread_blocked, id=11864, stack(0x0000003757b00000,0x0000003757c00000) (1024K)]
  0x0000021d757088c0 JavaThread "Monitor Deflation Thread"   daemon [_thread_blocked, id=8724, stack(0x0000003757c00000,0x0000003757d00000) (1024K)]
  0x0000021d7570c9a0 JavaThread "C2 CompilerThread0"         daemon [_thread_blocked, id=148, stack(0x0000003757d00000,0x0000003757e00000) (1024K)]
  0x0000021d7570d780 JavaThread "C1 CompilerThread0"         daemon [_thread_blocked, id=6560, stack(0x0000003757e00000,0x0000003757f00000) (1024K)]
  0x0000021d451b0170 JavaThread "Common-Cleaner"             daemon [_thread_blocked, id=7220, stack(0x0000003757f00000,0x0000003758000000) (1024K)]
  0x0000021d451d3670 JavaThread "Monitor Ctrl-Break"         daemon [_thread_in_native, id=7924, stack(0x0000003758000000,0x0000003758100000) (1024K)]
  0x0000021d451d3db0 JavaThread "Notification Thread"        daemon [_thread_blocked, id=6180, stack(0x0000003758100000,0x0000003758200000) (1024K)]
  0x0000021d4601c300 JavaThread "RMI TCP Accept-0"           daemon [_thread_in_native, id=1812, stack(0x0000003758300000,0x0000003758400000) (1024K)]
  0x0000021d459a6470 JavaThread "RMI TCP Connection(1)-192.168.100.35" daemon [_thread_in_native, id=4728, stack(0x0000003758400000,0x0000003758500000) (1024K)]
  0x0000021d45ef6c10 JavaThread "RMI Scheduler(0)"           daemon [_thread_blocked, id=1396, stack(0x0000003758200000,0x0000003758300000) (1024K)]
  0x0000021d45ef9b40 JavaThread "JMX server connection timeout 29" daemon [_thread_blocked, id=8816, stack(0x0000003758500000,0x0000003758600000) (1024K)]
  0x0000021d462ff060 JavaThread "JFR Recorder Thread"        daemon [_thread_in_native, id=12104, stack(0x0000003758700000,0x0000003758800000) (1024K)]
  0x0000021d462e36d0 JavaThread "JFR Periodic Tasks"         daemon [_thread_blocked, id=7236, stack(0x0000003758800000,0x0000003758900000) (1024K)]
Total: 18

Other Threads:
  0x0000021d756ef0c0 VMThread "VM Thread"                           [id=1000, stack(0x0000003757600000,0x0000003757700000) (1024K)]
  0x0000021d756e3020 WatcherThread "VM Periodic Task Thread"        [id=1336, stack(0x0000003757500000,0x0000003757600000) (1024K)]
  0x0000021d57d5e830 WorkerThread "GC Thread#0"                     [id=7612, stack(0x0000003757000000,0x0000003757100000) (1024K)]
  0x0000021d57d6f540 ConcurrentGCThread "G1 Main Marker"            [id=7908, stack(0x0000003757100000,0x0000003757200000) (1024K)]
  0x0000021d57d707f0 WorkerThread "G1 Conc#0"                       [id=1292, stack(0x0000003757200000,0x0000003757300000) (1024K)]
  0x0000021d755a60c0 ConcurrentGCThread "G1 Refine#0"               [id=6428, stack(0x0000003757300000,0x0000003757400000) (1024K)]
  0x0000021d755a6a50 ConcurrentGCThread "G1 Service"                [id=10180, stack(0x0000003757400000,0x0000003757500000) (1024K)]
Total: 7

Threads with active compile tasks:
Total: 0

VM state: not at safepoint (normal execution)

VM Mutex/Monitor currently owned by a thread: None

Heap address: 0x0000000741c00000, size: 3044 MB, Compressed Oops mode: Zero based, Oop shift amount: 3

CDS archive(s) mapped at: [0x0000021d00000000-0x0000021d00d40000-0x0000021d00d40000), size 13893632, SharedBaseAddress: 0x0000021d00000000, ArchiveRelocationMode: 1.
Compressed class space mapped at: 0x0000021d01000000-0x0000021d41000000, reserved size: 1073741824
UseCompressedClassPointers 1, UseCompactObjectHeaders 0
Narrow klass pointer bits 32, Max shift 3
Narrow klass base: 0x0000021d00000000, Narrow klass shift: 0
Encoding Range: [0x0000021d00000000 - 0x0000021e00000000), (4294967296 bytes)
Klass Range:    [0x0000021d00000000 - 0x0000021d41000000), (1090519040 bytes)
Klass ID Range:  [8 - 1090519033) (1090519025)

GC Precious Log:
 CardTable entry size: 512
 Card Set container configuration: InlinePtr #cards 4 size 8 Array Of Cards #cards 16 size 48 Howl #buckets 8 coarsen threshold 3686 Howl Bitmap #cards 512 size 80 coarsen threshold 460 Card regions per heap region 1 cards per card region 4096
 CPUs: 4 total, 4 available
 Memory: 12168M
 Large Page Support: Disabled
 NUMA Support: Disabled
 Compressed Oops: Enabled (Zero based)
 Heap Region Size: 2M
 Heap Min Capacity: 8M
 Heap Initial Capacity: 192M
 Heap Max Capacity: 3044M
 Pre-touch: Disabled
 Parallel Workers: 4
 Concurrent Workers: 1
 Concurrent Refinement Workers: 4
 Periodic GC: Disabled

Heap:
 garbage-first heap   total reserved 3117056K, committed 198656K, used 27764K [0x0000000741c00000, 0x0000000800000000)
  region size 2048K, 14 young (28672K), 0 survivors (0K)
 Metaspace       used 7816K, committed 8064K, reserved 1114112K
  class space    used 732K, committed 832K, reserved 1048576K

Heap Regions: E=young(eden), S=young(survivor), O=old, HS=humongous(starts), HC=humongous(continues), CS=collection set, F=free, TAMS=top-at-mark-start, PB=parsable bottom
|   0|0x0000000741c00000, 0x0000000741c00000, 0x0000000741e00000|  0%| F|  |TAMS 0x0000000741c00000| PB 0x0000000741c00000| Untracked |  0
|   1|0x0000000741e00000, 0x0000000741e00000, 0x0000000742000000|  0%| F|  |TAMS 0x0000000741e00000| PB 0x0000000741e00000| Untracked |  0
|   2|0x0000000742000000, 0x0000000742000000, 0x0000000742200000|  0%| F|  |TAMS 0x0000000742000000| PB 0x0000000742000000| Untracked |  0
|   3|0x0000000742200000, 0x0000000742200000, 0x0000000742400000|  0%| F|  |TAMS 0x0000000742200000| PB 0x0000000742200000| Untracked |  0
|   4|0x0000000742400000, 0x0000000742400000, 0x0000000742600000|  0%| F|  |TAMS 0x0000000742400000| PB 0x0000000742400000| Untracked |  0
|   5|0x0000000742600000, 0x0000000742600000, 0x0000000742800000|  0%| F|  |TAMS 0x0000000742600000| PB 0x0000000742600000| Untracked |  0
|   6|0x0000000742800000, 0x0000000742800000, 0x0000000742a00000|  0%| F|  |TAMS 0x0000000742800000| PB 0x0000000742800000| Untracked |  0
|   7|0x0000000742a00000, 0x0000000742a00000, 0x0000000742c00000|  0%| F|  |TAMS 0x0000000742a00000| PB 0x0000000742a00000| Untracked |  0
|   8|0x0000000742c00000, 0x0000000742c00000, 0x0000000742e00000|  0%| F|  |TAMS 0x0000000742c00000| PB 0x0000000742c00000| Untracked |  0
|   9|0x0000000742e00000, 0x0000000742e00000, 0x0000000743000000|  0%| F|  |TAMS 0x0000000742e00000| PB 0x0000000742e00000| Untracked |  0
|  10|0x0000000743000000, 0x0000000743000000, 0x0000000743200000|  0%| F|  |TAMS 0x0000000743000000| PB 0x0000000743000000| Untracked |  0
|  11|0x0000000743200000, 0x0000000743200000, 0x0000000743400000|  0%| F|  |TAMS 0x0000000743200000| PB 0x0000000743200000| Untracked |  0
|  12|0x0000000743400000, 0x0000000743400000, 0x0000000743600000|  0%| F|  |TAMS 0x0000000743400000| PB 0x0000000743400000| Untracked |  0
|  13|0x0000000743600000, 0x0000000743600000, 0x0000000743800000|  0%| F|  |TAMS 0x0000000743600000| PB 0x0000000743600000| Untracked |  0
|  14|0x0000000743800000, 0x0000000743800000, 0x0000000743a00000|  0%| F|  |TAMS 0x0000000743800000| PB 0x0000000743800000| Untracked |  0
|  15|0x0000000743a00000, 0x0000000743a00000, 0x0000000743c00000|  0%| F|  |TAMS 0x0000000743a00000| PB 0x0000000743a00000| Untracked |  0
|  16|0x0000000743c00000, 0x0000000743c00000, 0x0000000743e00000|  0%| F|  |TAMS 0x0000000743c00000| PB 0x0000000743c00000| Untracked |  0
|  17|0x0000000743e00000, 0x0000000743e00000, 0x0000000744000000|  0%| F|  |TAMS 0x0000000743e00000| PB 0x0000000743e00000| Untracked |  0
|  18|0x0000000744000000, 0x0000000744000000, 0x0000000744200000|  0%| F|  |TAMS 0x0000000744000000| PB 0x0000000744000000| Untracked |  0
|  19|0x0000000744200000, 0x0000000744200000, 0x0000000744400000|  0%| F|  |TAMS 0x0000000744200000| PB 0x0000000744200000| Untracked |  0
|  20|0x0000000744400000, 0x0000000744400000, 0x0000000744600000|  0%| F|  |TAMS 0x0000000744400000| PB 0x0000000744400000| Untracked |  0
|  21|0x0000000744600000, 0x0000000744600000, 0x0000000744800000|  0%| F|  |TAMS 0x0000000744600000| PB 0x0000000744600000| Untracked |  0
|  22|0x0000000744800000, 0x0000000744800000, 0x0000000744a00000|  0%| F|  |TAMS 0x0000000744800000| PB 0x0000000744800000| Untracked |  0
|  23|0x0000000744a00000, 0x0000000744a00000, 0x0000000744c00000|  0%| F|  |TAMS 0x0000000744a00000| PB 0x0000000744a00000| Untracked |  0
|  24|0x0000000744c00000, 0x0000000744c00000, 0x0000000744e00000|  0%| F|  |TAMS 0x0000000744c00000| PB 0x0000000744c00000| Untracked |  0
|  25|0x0000000744e00000, 0x0000000744e00000, 0x0000000745000000|  0%| F|  |TAMS 0x0000000744e00000| PB 0x0000000744e00000| Untracked |  0
|  26|0x0000000745000000, 0x0000000745000000, 0x0000000745200000|  0%| F|  |TAMS 0x0000000745000000| PB 0x0000000745000000| Untracked |  0
|  27|0x0000000745200000, 0x0000000745200000, 0x0000000745400000|  0%| F|  |TAMS 0x0000000745200000| PB 0x0000000745200000| Untracked |  0
|  28|0x0000000745400000, 0x0000000745400000, 0x0000000745600000|  0%| F|  |TAMS 0x0000000745400000| PB 0x0000000745400000| Untracked |  0
|  29|0x0000000745600000, 0x0000000745600000, 0x0000000745800000|  0%| F|  |TAMS 0x0000000745600000| PB 0x0000000745600000| Untracked |  0
|  30|0x0000000745800000, 0x0000000745800000, 0x0000000745a00000|  0%| F|  |TAMS 0x0000000745800000| PB 0x0000000745800000| Untracked |  0
|  31|0x0000000745a00000, 0x0000000745a00000, 0x0000000745c00000|  0%| F|  |TAMS 0x0000000745a00000| PB 0x0000000745a00000| Untracked |  0
|  32|0x0000000745c00000, 0x0000000745c00000, 0x0000000745e00000|  0%| F|  |TAMS 0x0000000745c00000| PB 0x0000000745c00000| Untracked |  0
|  33|0x0000000745e00000, 0x0000000745e00000, 0x0000000746000000|  0%| F|  |TAMS 0x0000000745e00000| PB 0x0000000745e00000| Untracked |  0
|  34|0x0000000746000000, 0x0000000746000000, 0x0000000746200000|  0%| F|  |TAMS 0x0000000746000000| PB 0x0000000746000000| Untracked |  0
|  35|0x0000000746200000, 0x0000000746200000, 0x0000000746400000|  0%| F|  |TAMS 0x0000000746200000| PB 0x0000000746200000| Untracked |  0
|  36|0x0000000746400000, 0x0000000746400000, 0x0000000746600000|  0%| F|  |TAMS 0x0000000746400000| PB 0x0000000746400000| Untracked |  0
|  37|0x0000000746600000, 0x0000000746600000, 0x0000000746800000|  0%| F|  |TAMS 0x0000000746600000| PB 0x0000000746600000| Untracked |  0
|  38|0x0000000746800000, 0x0000000746800000, 0x0000000746a00000|  0%| F|  |TAMS 0x0000000746800000| PB 0x0000000746800000| Untracked |  0
|  39|0x0000000746a00000, 0x0000000746a00000, 0x0000000746c00000|  0%| F|  |TAMS 0x0000000746a00000| PB 0x0000000746a00000| Untracked |  0
|  40|0x0000000746c00000, 0x0000000746c00000, 0x0000000746e00000|  0%| F|  |TAMS 0x0000000746c00000| PB 0x0000000746c00000| Untracked |  0
|  41|0x0000000746e00000, 0x0000000746e00000, 0x0000000747000000|  0%| F|  |TAMS 0x0000000746e00000| PB 0x0000000746e00000| Untracked |  0
|  42|0x0000000747000000, 0x0000000747000000, 0x0000000747200000|  0%| F|  |TAMS 0x0000000747000000| PB 0x0000000747000000| Untracked |  0
|  43|0x0000000747200000, 0x0000000747200000, 0x0000000747400000|  0%| F|  |TAMS 0x0000000747200000| PB 0x0000000747200000| Untracked |  0
|  44|0x0000000747400000, 0x0000000747400000, 0x0000000747600000|  0%| F|  |TAMS 0x0000000747400000| PB 0x0000000747400000| Untracked |  0
|  45|0x0000000747600000, 0x0000000747600000, 0x0000000747800000|  0%| F|  |TAMS 0x0000000747600000| PB 0x0000000747600000| Untracked |  0
|  46|0x0000000747800000, 0x0000000747800000, 0x0000000747a00000|  0%| F|  |TAMS 0x0000000747800000| PB 0x0000000747800000| Untracked |  0
|  47|0x0000000747a00000, 0x0000000747a00000, 0x0000000747c00000|  0%| F|  |TAMS 0x0000000747a00000| PB 0x0000000747a00000| Untracked |  0
|  48|0x0000000747c00000, 0x0000000747c00000, 0x0000000747e00000|  0%| F|  |TAMS 0x0000000747c00000| PB 0x0000000747c00000| Untracked |  0
|  49|0x0000000747e00000, 0x0000000747e00000, 0x0000000748000000|  0%| F|  |TAMS 0x0000000747e00000| PB 0x0000000747e00000| Untracked |  0
|  50|0x0000000748000000, 0x0000000748000000, 0x0000000748200000|  0%| F|  |TAMS 0x0000000748000000| PB 0x0000000748000000| Untracked |  0
|  51|0x0000000748200000, 0x0000000748200000, 0x0000000748400000|  0%| F|  |TAMS 0x0000000748200000| PB 0x0000000748200000| Untracked |  0
|  52|0x0000000748400000, 0x0000000748400000, 0x0000000748600000|  0%| F|  |TAMS 0x0000000748400000| PB 0x0000000748400000| Untracked |  0
|  53|0x0000000748600000, 0x0000000748600000, 0x0000000748800000|  0%| F|  |TAMS 0x0000000748600000| PB 0x0000000748600000| Untracked |  0
|  54|0x0000000748800000, 0x0000000748800000, 0x0000000748a00000|  0%| F|  |TAMS 0x0000000748800000| PB 0x0000000748800000| Untracked |  0
|  55|0x0000000748a00000, 0x0000000748a00000, 0x0000000748c00000|  0%| F|  |TAMS 0x0000000748a00000| PB 0x0000000748a00000| Untracked |  0
|  56|0x0000000748c00000, 0x0000000748c00000, 0x0000000748e00000|  0%| F|  |TAMS 0x0000000748c00000| PB 0x0000000748c00000| Untracked |  0
|  57|0x0000000748e00000, 0x0000000748e00000, 0x0000000749000000|  0%| F|  |TAMS 0x0000000748e00000| PB 0x0000000748e00000| Untracked |  0
|  58|0x0000000749000000, 0x0000000749000000, 0x0000000749200000|  0%| F|  |TAMS 0x0000000749000000| PB 0x0000000749000000| Untracked |  0
|  59|0x0000000749200000, 0x0000000749200000, 0x0000000749400000|  0%| F|  |TAMS 0x0000000749200000| PB 0x0000000749200000| Untracked |  0
|  60|0x0000000749400000, 0x0000000749400000, 0x0000000749600000|  0%| F|  |TAMS 0x0000000749400000| PB 0x0000000749400000| Untracked |  0
|  61|0x0000000749600000, 0x0000000749600000, 0x0000000749800000|  0%| F|  |TAMS 0x0000000749600000| PB 0x0000000749600000| Untracked |  0
|  62|0x0000000749800000, 0x0000000749800000, 0x0000000749a00000|  0%| F|  |TAMS 0x0000000749800000| PB 0x0000000749800000| Untracked |  0
|  63|0x0000000749a00000, 0x0000000749a00000, 0x0000000749c00000|  0%| F|  |TAMS 0x0000000749a00000| PB 0x0000000749a00000| Untracked |  0
|  64|0x0000000749c00000, 0x0000000749c00000, 0x0000000749e00000|  0%| F|  |TAMS 0x0000000749c00000| PB 0x0000000749c00000| Untracked |  0
|  65|0x0000000749e00000, 0x0000000749e00000, 0x000000074a000000|  0%| F|  |TAMS 0x0000000749e00000| PB 0x0000000749e00000| Untracked |  0
|  66|0x000000074a000000, 0x000000074a000000, 0x000000074a200000|  0%| F|  |TAMS 0x000000074a000000| PB 0x000000074a000000| Untracked |  0
|  67|0x000000074a200000, 0x000000074a200000, 0x000000074a400000|  0%| F|  |TAMS 0x000000074a200000| PB 0x000000074a200000| Untracked |  0
|  68|0x000000074a400000, 0x000000074a400000, 0x000000074a600000|  0%| F|  |TAMS 0x000000074a400000| PB 0x000000074a400000| Untracked |  0
|  69|0x000000074a600000, 0x000000074a600000, 0x000000074a800000|  0%| F|  |TAMS 0x000000074a600000| PB 0x000000074a600000| Untracked |  0
|  70|0x000000074a800000, 0x000000074a800000, 0x000000074aa00000|  0%| F|  |TAMS 0x000000074a800000| PB 0x000000074a800000| Untracked |  0
|  71|0x000000074aa00000, 0x000000074aa00000, 0x000000074ac00000|  0%| F|  |TAMS 0x000000074aa00000| PB 0x000000074aa00000| Untracked |  0
|  72|0x000000074ac00000, 0x000000074ac00000, 0x000000074ae00000|  0%| F|  |TAMS 0x000000074ac00000| PB 0x000000074ac00000| Untracked |  0
|  73|0x000000074ae00000, 0x000000074ae00000, 0x000000074b000000|  0%| F|  |TAMS 0x000000074ae00000| PB 0x000000074ae00000| Untracked |  0
|  74|0x000000074b000000, 0x000000074b000000, 0x000000074b200000|  0%| F|  |TAMS 0x000000074b000000| PB 0x000000074b000000| Untracked |  0
|  75|0x000000074b200000, 0x000000074b200000, 0x000000074b400000|  0%| F|  |TAMS 0x000000074b200000| PB 0x000000074b200000| Untracked |  0
|  76|0x000000074b400000, 0x000000074b400000, 0x000000074b600000|  0%| F|  |TAMS 0x000000074b400000| PB 0x000000074b400000| Untracked |  0
|  77|0x000000074b600000, 0x000000074b600000, 0x000000074b800000|  0%| F|  |TAMS 0x000000074b600000| PB 0x000000074b600000| Untracked |  0
|  78|0x000000074b800000, 0x000000074b800000, 0x000000074ba00000|  0%| F|  |TAMS 0x000000074b800000| PB 0x000000074b800000| Untracked |  0
|  79|0x000000074ba00000, 0x000000074ba00000, 0x000000074bc00000|  0%| F|  |TAMS 0x000000074ba00000| PB 0x000000074ba00000| Untracked |  0
|  80|0x000000074bc00000, 0x000000074bc00000, 0x000000074be00000|  0%| F|  |TAMS 0x000000074bc00000| PB 0x000000074bc00000| Untracked |  0
|  81|0x000000074be00000, 0x000000074be00000, 0x000000074c000000|  0%| F|  |TAMS 0x000000074be00000| PB 0x000000074be00000| Untracked |  0
|  82|0x000000074c000000, 0x000000074c145cd0, 0x000000074c200000| 63%| E|  |TAMS 0x000000074c000000| PB 0x000000074c000000| Complete |  0
|  83|0x000000074c200000, 0x000000074c400000, 0x000000074c400000|100%| E|CS|TAMS 0x000000074c200000| PB 0x000000074c200000| Complete |  0
|  84|0x000000074c400000, 0x000000074c600000, 0x000000074c600000|100%| E|CS|TAMS 0x000000074c400000| PB 0x000000074c400000| Complete |  0
|  85|0x000000074c600000, 0x000000074c800000, 0x000000074c800000|100%| E|CS|TAMS 0x000000074c600000| PB 0x000000074c600000| Complete |  0
|  86|0x000000074c800000, 0x000000074ca00000, 0x000000074ca00000|100%| E|CS|TAMS 0x000000074c800000| PB 0x000000074c800000| Complete |  0
|  87|0x000000074ca00000, 0x000000074cc00000, 0x000000074cc00000|100%| E|CS|TAMS 0x000000074ca00000| PB 0x000000074ca00000| Complete |  0
|  88|0x000000074cc00000, 0x000000074ce00000, 0x000000074ce00000|100%| E|CS|TAMS 0x000000074cc00000| PB 0x000000074cc00000| Complete |  0
|  89|0x000000074ce00000, 0x000000074d000000, 0x000000074d000000|100%| E|CS|TAMS 0x000000074ce00000| PB 0x000000074ce00000| Complete |  0
|  90|0x000000074d000000, 0x000000074d200000, 0x000000074d200000|100%| E|CS|TAMS 0x000000074d000000| PB 0x000000074d000000| Complete |  0
|  91|0x000000074d200000, 0x000000074d400000, 0x000000074d400000|100%| E|CS|TAMS 0x000000074d200000| PB 0x000000074d200000| Complete |  0
|  92|0x000000074d400000, 0x000000074d600000, 0x000000074d600000|100%| E|CS|TAMS 0x000000074d400000| PB 0x000000074d400000| Complete |  0
|  93|0x000000074d600000, 0x000000074d800000, 0x000000074d800000|100%| E|CS|TAMS 0x000000074d600000| PB 0x000000074d600000| Complete |  0
|  94|0x000000074d800000, 0x000000074da00000, 0x000000074da00000|100%| E|CS|TAMS 0x000000074d800000| PB 0x000000074d800000| Complete |  0
|  95|0x000000074da00000, 0x000000074dc00000, 0x000000074dc00000|100%| E|CS|TAMS 0x000000074da00000| PB 0x000000074da00000| Complete |  0
|1521|0x00000007ffe00000, 0x00000007fff1d1c0, 0x0000000800000000| 55%| O|  |TAMS 0x00000007ffe00000| PB 0x00000007ffe00000| Untracked |  0

Card table byte_map: [0x0000021d6fbb0000,0x0000021d701b0000] _byte_map_base: 0x0000021d6c1a2000

Marking Bits: (CMBitMap*) 0x0000021d57d5ef40
 Bits: [0x0000021d701b0000, 0x0000021d73140000)

Polling page: 0x0000021d55b50000

Metaspace:

Usage:
  Non-class:      6.92 MB used.
      Class:    732.54 KB used.
       Both:      7.63 MB used.

Virtual space:
  Non-class space:       64.00 MB reserved,       7.06 MB ( 11%) committed,  1 nodes.
      Class space:        1.00 GB reserved,     832.00 KB ( <1%) committed,  1 nodes.
             Both:        1.06 GB reserved,       7.88 MB ( <1%) committed. 

Chunk freelists:
   Non-Class:  8.97 MB
       Class:  15.19 MB
        Both:  24.16 MB

MaxMetaspaceSize: unlimited
CompressedClassSpaceSize: 1.00 GB
Initial GC threshold: 21.00 MB
Current GC threshold: 21.00 MB
CDS: on
 - commit_granule_bytes: 65536.
 - commit_granule_words: 8192.
 - virtual_space_node_default_size: 8388608.
 - enlarge_chunks_in_place: 1.
UseCompressedClassPointers 1, UseCompactObjectHeaders 0
Narrow klass pointer bits 32, Max shift 3
Narrow klass base: 0x0000021d00000000, Narrow klass shift: 0
Encoding Range: [0x0000021d00000000 - 0x0000021e00000000), (4294967296 bytes)
Klass Range:    [0x0000021d00000000 - 0x0000021d41000000), (1090519040 bytes)
Klass ID Range:  [8 - 1090519033) (1090519025)


Internal statistics:

num_allocs_failed_limit: 0.
num_arena_births: 186.
num_arena_deaths: 0.
num_vsnodes_births: 2.
num_vsnodes_deaths: 0.
num_space_committed: 126.
num_space_uncommitted: 0.
num_chunks_returned_to_freelist: 0.
num_chunks_taken_from_freelist: 244.
num_chunk_merges: 0.
num_chunk_splits: 145.
num_chunks_enlarged: 57.
num_inconsistent_stats: 0.

CodeHeap 'non-profiled nmethods': size=120064Kb used=617Kb max_used=617Kb free=119447Kb
 bounds [0x0000021d68070000, 0x0000021d682e0000, 0x0000021d6f5b0000]
CodeHeap 'profiled nmethods': size=120000Kb used=2612Kb max_used=2612Kb free=117387Kb
 bounds [0x0000021d605b0000, 0x0000021d60840000, 0x0000021d67ae0000]
CodeHeap 'non-nmethods': size=5696Kb used=1341Kb max_used=1390Kb free=4355Kb
 bounds [0x0000021d67ae0000, 0x0000021d67d50000, 0x0000021d68070000]
CodeCache: size=245760Kb, used=4570Kb, max_used=4619Kb, free=241189Kb
 total_blobs=2410, nmethods=1899, adapters=416, full_count=0
Compilation: enabled, stopped_count=0, restarted_count=0

Compilation events (20 events):
Event: 12.423 Thread 0x0000021d7570d780 1891       1       jdk.jfr.internal.EventControl::getSettingsId (5 bytes)
Event: 12.423 Thread 0x0000021d7570d780 nmethod 1891 0x0000021d68106208 code [0x0000021d68106300, 0x0000021d681063c8]
Event: 12.423 Thread 0x0000021d7570d780 1892       1       jdk.jfr.internal.EventControl::getNamedControls (5 bytes)
Event: 12.423 Thread 0x0000021d7570d780 nmethod 1892 0x0000021d68106508 code [0x0000021d68106600, 0x0000021d681066c8]
Event: 12.423 Thread 0x0000021d7570d780 1893       1       jdk.jfr.internal.PlatformEventType::isEnabled (5 bytes)
Event: 12.423 Thread 0x0000021d7570d780 nmethod 1893 0x0000021d68106808 code [0x0000021d68106900, 0x0000021d681069c8]
Event: 12.423 Thread 0x0000021d7570d780 1894   !   3       jdk.jfr.internal.Control::setValue (102 bytes)
Event: 12.423 Thread 0x0000021d7570c9a0 nmethod 1867 0x0000021d68106b08 code [0x0000021d68106da0, 0x0000021d681089d8]
Event: 12.424 Thread 0x0000021d7570c9a0 1866       4       jdk.jfr.internal.MetadataWriter::writeInt (148 bytes)
Event: 12.424 Thread 0x0000021d7570d780 nmethod 1894 0x0000021d6083aa08 code [0x0000021d6083aca0, 0x0000021d6083c0f8]
Event: 12.428 Thread 0x0000021d7570c9a0 nmethod 1866 0x0000021d68108a88 code [0x0000021d68108c60, 0x0000021d681096d8]
Event: 12.429 Thread 0x0000021d459585b0 nmethod 1881 0x0000021d68109788 code [0x0000021d681098a0, 0x0000021d68109df8]
Event: 12.440 Thread 0x0000021d7570d780 1895       1       jdk.jfr.internal.periodic.EventTask::getEventType (5 bytes)
Event: 12.440 Thread 0x0000021d7570d780 nmethod 1895 0x0000021d68109e08 code [0x0000021d68109f00, 0x0000021d68109fc8]
Event: 12.440 Thread 0x0000021d7570d780 1896       1       jdk.jfr.internal.periodic.PeriodicTask::getPeriod (5 bytes)
Event: 12.440 Thread 0x0000021d7570d780 nmethod 1896 0x0000021d6810a108 code [0x0000021d6810a200, 0x0000021d6810a2c8]
Event: 12.441 Thread 0x0000021d7570d780 1898       3       java.util.Comparator::lambda$comparingLong$6043328a$1 (18 bytes)
Event: 12.441 Thread 0x0000021d7570d780 nmethod 1898 0x0000021d6083c188 code [0x0000021d6083c2e0, 0x0000021d6083c6c0]
Event: 12.441 Thread 0x0000021d7570d780 1897       3       java.util.Comparator$$Lambda/0x0000021d010e3a48::compare (10 bytes)
Event: 12.441 Thread 0x0000021d7570d780 nmethod 1897 0x0000021d6083c708 code [0x0000021d6083c860, 0x0000021d6083ccd8]

GC Heap History (0 events):
No events

Dll operation events (12 events):
Event: 0.088 Loaded shared library C:\Program Files\Java\jdk-24\bin\java.dll
Event: 0.122 Loaded shared library C:\Program Files\Java\jdk-24\bin\jsvml.dll
Event: 0.193 Loaded shared library C:\Program Files\Java\jdk-24\bin\zip.dll
Event: 0.247 Loaded shared library C:\Program Files\Java\jdk-24\bin\instrument.dll
Event: 0.254 Loaded shared library C:\Program Files\Java\jdk-24\bin\net.dll
Event: 0.257 Loaded shared library C:\Program Files\Java\jdk-24\bin\nio.dll
Event: 0.265 Loaded shared library C:\Program Files\Java\jdk-24\bin\zip.dll
Event: 0.320 Loaded shared library C:\Program Files\Java\jdk-24\bin\jimage.dll
Event: 0.455 Loaded shared library C:\Program Files\Java\jdk-24\bin\extnet.dll
Event: 0.759 Loaded shared library C:\Program Files\Java\jdk-24\bin\management.dll
Event: 0.845 Loaded shared library C:\Program Files\Java\jdk-24\bin\management_ext.dll
Event: 11.907 Loaded shared library C:\Users\Negar\AppData\Local\Temp\idea_libasyncProfiler_dll_temp_folder\libasyncProfiler.dll

Deoptimization events (20 events):
Event: 12.285 Thread 0x0000021d75706120 Uncommon trap: trap_request=0xffffff4d fr.pc=0x0000021d680f2070 relative=0x00000000000000d0
Event: 12.285 Thread 0x0000021d75706120 Uncommon trap: reason=unstable_if action=reinterpret pc=0x0000021d680f2070 method=jdk.jfr.internal.Type.getKnownType(Ljava/lang/Class;)Ljdk/jfr/internal/Type; @ 47 c2
Event: 12.285 Thread 0x0000021d75706120 DEOPT PACKING pc=0x0000021d680f2070 sp=0x0000003757afe2d0
Event: 12.285 Thread 0x0000021d75706120 DEOPT UNPACKING pc=0x0000021d67bf5882 sp=0x0000003757afe268 mode 2
Event: 12.311 Thread 0x0000021d75706120 Uncommon trap: trap_request=0xffffffcc fr.pc=0x0000021d680f4f9c relative=0x00000000000003dc
Event: 12.311 Thread 0x0000021d75706120 Uncommon trap: reason=intrinsic_or_type_checked_inlining action=make_not_entrant pc=0x0000021d680f4f9c method=java.util.Arrays.copyOf([Ljava/lang/Object;ILjava/lang/Class;)[Ljava/lang/Object; @ 35 c2
Event: 12.311 Thread 0x0000021d75706120 DEOPT PACKING pc=0x0000021d680f4f9c sp=0x0000003757afe450
Event: 12.311 Thread 0x0000021d75706120 DEOPT UNPACKING pc=0x0000021d67bf5882 sp=0x0000003757afe3e0 mode 2
Event: 12.379 Thread 0x0000021d75706120 Uncommon trap: trap_request=0xffffff4d fr.pc=0x0000021d680f53a0 relative=0x0000000000000100
Event: 12.380 Thread 0x0000021d75706120 Uncommon trap: reason=unstable_if action=reinterpret pc=0x0000021d680f53a0 method=java.lang.Long.valueOf(J)Ljava/lang/Long; @ 9 c2
Event: 12.380 Thread 0x0000021d75706120 DEOPT PACKING pc=0x0000021d680f53a0 sp=0x0000003757afe950
Event: 12.380 Thread 0x0000021d75706120 DEOPT UNPACKING pc=0x0000021d67bf5882 sp=0x0000003757afe8e8 mode 2
Event: 12.400 Thread 0x0000021d75706120 Uncommon trap: trap_request=0xffffff4d fr.pc=0x0000021d681016ac relative=0x000000000000020c
Event: 12.400 Thread 0x0000021d75706120 Uncommon trap: reason=unstable_if action=reinterpret pc=0x0000021d681016ac method=java.io.ByteArrayOutputStream.ensureCapacity(I)V @ 11 c2
Event: 12.401 Thread 0x0000021d75706120 DEOPT PACKING pc=0x0000021d681016ac sp=0x0000003757afe7f0
Event: 12.401 Thread 0x0000021d75706120 DEOPT UNPACKING pc=0x0000021d67bf5882 sp=0x0000003757afe728 mode 2
Event: 12.406 Thread 0x0000021d75706120 Uncommon trap: trap_request=0xffffff4d fr.pc=0x0000021d68102c84 relative=0x00000000000003e4
Event: 12.406 Thread 0x0000021d75706120 Uncommon trap: reason=unstable_if action=reinterpret pc=0x0000021d68102c84 method=java.io.ByteArrayOutputStream.ensureCapacity(I)V @ 11 c2
Event: 12.406 Thread 0x0000021d75706120 DEOPT PACKING pc=0x0000021d68102c84 sp=0x0000003757afe630
Event: 12.406 Thread 0x0000021d75706120 DEOPT UNPACKING pc=0x0000021d67bf5882 sp=0x0000003757afe510 mode 2

Classes loaded (20 events):
Event: 12.370 Loading class jdk/jfr/internal/MetadataWriter
Event: 12.371 Loading class jdk/jfr/internal/MetadataWriter done
Event: 12.371 Loading class jdk/jfr/internal/MetadataDescriptor$Element
Event: 12.371 Loading class jdk/jfr/internal/MetadataDescriptor$Element done
Event: 12.372 Loading class jdk/jfr/internal/MetadataDescriptor$Attribute
Event: 12.372 Loading class jdk/jfr/internal/MetadataDescriptor$Attribute done
Event: 12.383 Loading class jdk/jfr/internal/consumer/StringParser$Encoding
Event: 12.395 Loading class jdk/jfr/internal/consumer/StringParser$Encoding done
Event: 12.411 Loading class jdk/jfr/internal/consumer/RepositoryFiles
Event: 12.413 Loading class jdk/jfr/internal/consumer/RepositoryFiles done
Event: 12.417 Loading class jdk/jfr/internal/SettingsManager$InternalSetting
Event: 12.417 Loading class jdk/jfr/internal/SettingsManager$InternalSetting done
Event: 12.420 Loading class jdk/jfr/internal/util/Rate
Event: 12.420 Loading class jdk/jfr/internal/util/Rate done
Event: 12.420 Loading class jdk/jfr/internal/util/TimespanUnit
Event: 12.420 Loading class jdk/jfr/internal/util/TimespanUnit done
Event: 12.420 Loading class jdk/jfr/internal/util/ValueParser
Event: 12.421 Loading class jdk/jfr/internal/util/ValueParser done
Event: 12.423 Loading class jdk/jfr/internal/periodic/PeriodicType
Event: 12.423 Loading class jdk/jfr/internal/periodic/PeriodicType done

Classes unloaded (0 events):
No events

Classes redefined (0 events):
No events

Internal exceptions (20 events):
Event: 1.679 Thread 0x0000021d459a6470 Exception <a 'java/lang/NoSuchMethodError'{0x000000074cd2a5e0}: 'java.lang.Object java.lang.invoke.Invokers$Holder.invokeExact_MT(java.lang.Object, java.lang.Object, java.lang.Object, java.lang.Object, java.lang.Object, java.lang.Object)'> (0x000000074cd2a5e0) 
thrown [s\open\src\hotspot\share\interpreter\linkResolver.cpp, line 805]
Event: 1.726 Thread 0x0000021d459a6470 Exception <a 'java/lang/NoSuchMethodError'{0x000000074cd36370}: 'java.lang.Object java.lang.invoke.DirectMethodHandle$Holder.invokeInterface(java.lang.Object, java.lang.Object, java.lang.Object, java.lang.Object, java.lang.Object)'> (0x000000074cd36370) 
thrown [s\open\src\hotspot\share\interpreter\linkResolver.cpp, line 805]
Event: 1.761 Thread 0x0000021d459a6470 Exception <a 'java/lang/NoSuchMethodError'{0x000000074cd80d78}: 'double java.lang.invoke.DirectMethodHandle$Holder.invokeInterface(java.lang.Object, java.lang.Object)'> (0x000000074cd80d78) 
thrown [s\open\src\hotspot\share\interpreter\linkResolver.cpp, line 805]
Event: 1.763 Thread 0x0000021d459a6470 Exception <a 'java/lang/NoSuchMethodError'{0x000000074cd919e8}: 'double java.lang.invoke.DelegatingMethodHandle$Holder.reinvoke_L(java.lang.Object, java.lang.Object)'> (0x000000074cd919e8) 
thrown [s\open\src\hotspot\share\interpreter\linkResolver.cpp, line 805]
Event: 2.301 Thread 0x0000021d459a6470 Exception <a 'java/lang/NoSuchMethodError'{0x000000074cdb9868}: 'long java.lang.invoke.DirectMethodHandle$Holder.invokeVirtual(java.lang.Object, java.lang.Object)'> (0x000000074cdb9868) 
thrown [s\open\src\hotspot\share\interpreter\linkResolver.cpp, line 805]
Event: 2.301 Thread 0x0000021d459a6470 Exception <a 'java/lang/NoSuchMethodError'{0x000000074cdc1b58}: 'java.lang.Object java.lang.invoke.DirectMethodHandle$Holder.invokeStatic(java.lang.Object, long)'> (0x000000074cdc1b58) 
thrown [s\open\src\hotspot\share\interpreter\linkResolver.cpp, line 805]
Event: 2.302 Thread 0x0000021d459a6470 Exception <a 'java/lang/NoSuchMethodError'{0x000000074cdd1c00}: 'long java.lang.invoke.DelegatingMethodHandle$Holder.reinvoke_L(java.lang.Object, java.lang.Object)'> (0x000000074cdd1c00) 
thrown [s\open\src\hotspot\share\interpreter\linkResolver.cpp, line 805]
Event: 12.103 Thread 0x0000021d75706120 Exception <a 'java/lang/NoSuchMethodError'{0x000000074caea1f8}: 'java.lang.Object java.lang.invoke.DirectMethodHandle$Holder.invokeStatic(java.lang.Object, int, java.lang.Object)'> (0x000000074caea1f8) 
thrown [s\open\src\hotspot\share\interpreter\linkResolver.cpp, line 805]
Event: 12.107 Thread 0x0000021d75706120 Implicit null exception at 0x0000021d6809dc39 to 0x0000021d6809e6b0
Event: 12.107 Thread 0x0000021d75706120 Implicit null exception at 0x0000021d6809ba20 to 0x0000021d6809ba9d
Event: 12.146 Thread 0x0000021d75706120 Exception <a 'java/lang/NoSuchMethodError'{0x000000074cb3d3c8}: 'void java.lang.invoke.DirectMethodHandle$Holder.invokeStaticInit(java.lang.Object)'> (0x000000074cb3d3c8) 
thrown [s\open\src\hotspot\share\interpreter\linkResolver.cpp, line 805]
Event: 12.157 Thread 0x0000021d75706120 Exception <a 'java/lang/NoSuchMethodError'{0x000000074cb9b9b0}: 'java.lang.Object java.lang.invoke.DirectMethodHandle$Holder.newInvokeSpecial(java.lang.Object, java.lang.Object, java.lang.Object, java.lang.Object, java.lang.Object)'> (0x000000074cb9b9b0) 
thrown [s\open\src\hotspot\share\interpreter\linkResolver.cpp, line 805]
Event: 12.221 Thread 0x0000021d75706120 Exception <a 'java/lang/NoSuchMethodError'{0x000000074c931210}: 'int java.lang.invoke.DirectMethodHandle$Holder.invokeStatic(java.lang.Object, java.lang.Object, java.lang.Object, java.lang.Object)'> (0x000000074c931210) 
thrown [s\open\src\hotspot\share\interpreter\linkResolver.cpp, line 805]
Event: 12.348 Thread 0x0000021d75706120 Exception <a 'java/lang/NoSuchMethodError'{0x000000074c53c5a8}: 'void java.lang.invoke.DirectMethodHandle$Holder.invokeSpecial(java.lang.Object, java.lang.Object, int)'> (0x000000074c53c5a8) 
thrown [s\open\src\hotspot\share\interpreter\linkResolver.cpp, line 805]
Event: 12.349 Thread 0x0000021d75706120 Exception <a 'java/lang/NoSuchMethodError'{0x000000074c5441c8}: 'void java.lang.invoke.Invokers$Holder.invokeExact_MT(java.lang.Object, int, java.lang.Object)'> (0x000000074c5441c8) 
thrown [s\open\src\hotspot\share\interpreter\linkResolver.cpp, line 805]
Event: 12.354 Thread 0x0000021d75706120 Exception <a 'java/lang/NoSuchMethodError'{0x000000074c55e9a8}: 'void java.lang.invoke.DirectMethodHandle$Holder.invokeStatic(java.lang.Object, java.lang.Object, int)'> (0x000000074c55e9a8) 
thrown [s\open\src\hotspot\share\interpreter\linkResolver.cpp, line 805]
Event: 12.354 Thread 0x0000021d75706120 Exception <a 'java/lang/NoSuchMethodError'{0x000000074c56d8b0}: 'java.lang.Object java.lang.invoke.DirectMethodHandle$Holder.newInvokeSpecial(java.lang.Object, java.lang.Object, int)'> (0x000000074c56d8b0) 
thrown [s\open\src\hotspot\share\interpreter\linkResolver.cpp, line 805]
Event: 12.361 Thread 0x0000021d75706120 Exception <a 'sun/nio/fs/WindowsException'{0x000000074c5a1950}> (0x000000074c5a1950) 
thrown [s\open\src\hotspot\share\prims\jni.cpp, line 518]
Event: 12.364 Thread 0x0000021d75706120 Exception <a 'sun/nio/fs/WindowsException'{0x000000074c200880}> (0x000000074c200880) 
thrown [s\open\src\hotspot\share\prims\jni.cpp, line 518]
Event: 12.368 Thread 0x0000021d75706120 Exception <a 'sun/nio/fs/WindowsException'{0x000000074c212618}> (0x000000074c212618) 
thrown [s\open\src\hotspot\share\prims\jni.cpp, line 518]

VM Operations (12 events):
Event: 0.160 Executing VM operation: HandshakeAllThreads (Deoptimize)
Event: 0.160 Executing VM operation: HandshakeAllThreads (Deoptimize) done
Event: 1.269 Executing VM operation: HandshakeAllThreads (Deoptimize)
Event: 1.269 Executing VM operation: HandshakeAllThreads (Deoptimize) done
Event: 1.347 Executing VM operation: HandshakeAllThreads (Deoptimize)
Event: 1.347 Executing VM operation: HandshakeAllThreads (Deoptimize) done
Event: 1.591 Executing VM operation: HandshakeAllThreads (Deoptimize)
Event: 1.591 Executing VM operation: HandshakeAllThreads (Deoptimize) done
Event: 12.356 Executing VM operation: HandshakeAllThreads (Deoptimize)
Event: 12.356 Executing VM operation: HandshakeAllThreads (Deoptimize) done
Event: 12.414 Executing VM operation: JFRSafepointClear
Event: 12.414 Executing VM operation: JFRSafepointClear done

Memory protections (0 events):
No events

Nmethod flushes (0 events):
No events

Events (20 events):
Event: 0.118 Thread 0x0000021d57d09f30 Thread added: 0x0000021d756fd420
Event: 0.119 Thread 0x0000021d57d09f30 Thread added: 0x0000021d756fe150
Event: 0.119 Thread 0x0000021d57d09f30 Thread added: 0x0000021d757055f0
Event: 0.119 Thread 0x0000021d57d09f30 Thread added: 0x0000021d75706120
Event: 0.119 Thread 0x0000021d57d09f30 Thread added: 0x0000021d75707c60
Event: 0.119 Thread 0x0000021d57d09f30 Thread added: 0x0000021d757088c0
Event: 0.119 Thread 0x0000021d57d09f30 Thread added: 0x0000021d7570c9a0
Event: 0.120 Thread 0x0000021d57d09f30 Thread added: 0x0000021d7570d780
Event: 0.251 Thread 0x0000021d57d09f30 Thread added: 0x0000021d451b0170
Event: 0.298 Thread 0x0000021d57d09f30 Thread added: 0x0000021d451d3670
Event: 0.298 Thread 0x0000021d57d09f30 Thread added: 0x0000021d451d3db0
Event: 1.186 Thread 0x0000021d7570d780 Thread added: 0x0000021d45914920
Event: 1.374 Thread 0x0000021d75706120 Thread added: 0x0000021d4601c300
Event: 1.534 Thread 0x0000021d4601c300 Thread added: 0x0000021d459a6470
Event: 1.536 Thread 0x0000021d45914920 Thread exited: 0x0000021d45914920
Event: 1.572 Thread 0x0000021d459a6470 Thread added: 0x0000021d45ef6c10
Event: 1.586 Thread 0x0000021d459a6470 Thread added: 0x0000021d45ef9b40
Event: 12.057 Thread 0x0000021d7570d780 Thread added: 0x0000021d459585b0
Event: 12.135 Thread 0x0000021d75706120 Thread added: 0x0000021d462ff060
Event: 12.355 Thread 0x0000021d75706120 Thread added: 0x0000021d462e36d0


Dynamic libraries:
0x00007ff62d350000 - 0x00007ff62d360000 	C:\Program Files\Java\jdk-24\bin\java.exe
0x00007ffb707e0000 - 0x00007ffb70a43000 	C:\Windows\SYSTEM32\ntdll.dll
0x00007ffb6ece0000 - 0x00007ffb6eda8000 	C:\Windows\System32\KERNEL32.DLL
0x00007ffb6ddb0000 - 0x00007ffb6e162000 	C:\Windows\System32\KERNELBASE.dll
0x00007ffb6e210000 - 0x00007ffb6e35b000 	C:\Windows\System32\ucrtbase.dll
0x00007ffb68400000 - 0x00007ffb6841b000 	C:\Program Files\Java\jdk-24\bin\VCRUNTIME140.dll
0x00007ffb66730000 - 0x00007ffb66746000 	C:\Program Files\Java\jdk-24\bin\jli.dll
0x00007ffb6e7c0000 - 0x00007ffb6e988000 	C:\Windows\System32\USER32.dll
0x00007ffb53080000 - 0x00007ffb53310000 	C:\Windows\WinSxS\amd64_microsoft.windows.common-controls_6595b64144ccf1df_6.0.26100.2454_none_3e0b68a2e331ad60\COMCTL32.dll
0x00007ffb6e360000 - 0x00007ffb6e387000 	C:\Windows\System32\win32u.dll
0x00007ffb6f8c0000 - 0x00007ffb6f969000 	C:\Windows\System32\msvcrt.dll
0x00007ffb70770000 - 0x00007ffb7079a000 	C:\Windows\System32\GDI32.dll
0x00007ffb6e510000 - 0x00007ffb6e63b000 	C:\Windows\System32\gdi32full.dll
0x00007ffb6dbb0000 - 0x00007ffb6dc53000 	C:\Windows\System32\msvcp_win.dll
0x00007ffb6f9b0000 - 0x00007ffb6f9df000 	C:\Windows\System32\IMM32.DLL
0x00007ffb6a720000 - 0x00007ffb6a72c000 	C:\Program Files\Java\jdk-24\bin\vcruntime140_1.dll
0x00007ffb62520000 - 0x00007ffb625ae000 	C:\Program Files\Java\jdk-24\bin\msvcp140.dll
0x00007ffb28650000 - 0x00007ffb293f2000 	C:\Program Files\Java\jdk-24\bin\server\jvm.dll
0x00007ffb6fd80000 - 0x00007ffb6fe34000 	C:\Windows\System32\ADVAPI32.dll
0x00007ffb6ff30000 - 0x00007ffb6ffd6000 	C:\Windows\System32\sechost.dll
0x00007ffb70480000 - 0x00007ffb70596000 	C:\Windows\System32\RPCRT4.dll
0x00007ffb6e990000 - 0x00007ffb6ea04000 	C:\Windows\System32\WS2_32.dll
0x00007ffb6d4b0000 - 0x00007ffb6d4fe000 	C:\Windows\SYSTEM32\POWRPROF.dll
0x00007ffb52cd0000 - 0x00007ffb52d06000 	C:\Windows\SYSTEM32\WINMM.dll
0x00007ffb63fd0000 - 0x00007ffb63fdb000 	C:\Windows\SYSTEM32\VERSION.dll
0x00007ffb6d460000 - 0x00007ffb6d474000 	C:\Windows\SYSTEM32\UMPDC.dll
0x00007ffb6c9f0000 - 0x00007ffb6ca0a000 	C:\Windows\SYSTEM32\kernel.appcore.dll
0x00007ffb6a380000 - 0x00007ffb6a38a000 	C:\Program Files\Java\jdk-24\bin\jimage.dll
0x00007ffb2ef20000 - 0x00007ffb2f161000 	C:\Windows\SYSTEM32\DBGHELP.DLL
0x00007ffb6f9f0000 - 0x00007ffb6fd6e000 	C:\Windows\System32\combase.dll
0x00007ffb6edb0000 - 0x00007ffb6ee86000 	C:\Windows\System32\OLEAUT32.dll
0x00007ffb4c890000 - 0x00007ffb4c8c9000 	C:\Windows\SYSTEM32\dbgcore.DLL
0x00007ffb6e170000 - 0x00007ffb6e209000 	C:\Windows\System32\bcryptPrimitives.dll
0x00007ffb66720000 - 0x00007ffb6672f000 	C:\Program Files\Java\jdk-24\bin\instrument.dll
0x00007ffb60490000 - 0x00007ffb604ae000 	C:\Program Files\Java\jdk-24\bin\java.dll
0x00007ffb6f5a0000 - 0x00007ffb6f739000 	C:\Windows\System32\ole32.dll
0x00007ffb6ee90000 - 0x00007ffb6f590000 	C:\Windows\System32\SHELL32.dll
0x00007ffb6b900000 - 0x00007ffb6c131000 	C:\Windows\SYSTEM32\windows.storage.dll
0x00007ffb6e6e0000 - 0x00007ffb6e7ba000 	C:\Windows\System32\SHCORE.dll
0x00007ffb6fed0000 - 0x00007ffb6ff2d000 	C:\Windows\System32\shlwapi.dll
0x00007ffb6dac0000 - 0x00007ffb6daee000 	C:\Windows\SYSTEM32\profapi.dll
0x00007ffb5cfc0000 - 0x00007ffb5d097000 	C:\Program Files\Java\jdk-24\bin\jsvml.dll
0x00007ffb5ec30000 - 0x00007ffb5ec47000 	C:\Program Files\Java\jdk-24\bin\zip.dll
0x00007ffb69aa0000 - 0x00007ffb69ab0000 	C:\Program Files\Java\jdk-24\bin\net.dll
0x00007ffb6cef0000 - 0x00007ffb6cf58000 	C:\Windows\system32\mswsock.dll
0x00007ffb60470000 - 0x00007ffb60486000 	C:\Program Files\Java\jdk-24\bin\nio.dll
0x00007ffb60160000 - 0x00007ffb60169000 	C:\Program Files\Java\jdk-24\bin\extnet.dll
0x00007ffb6c410000 - 0x00007ffb6c535000 	C:\Windows\SYSTEM32\DNSAPI.dll
0x00007ffb6c3d0000 - 0x00007ffb6c402000 	C:\Windows\SYSTEM32\IPHLPAPI.DLL
0x00007ffb6ffe0000 - 0x00007ffb6ffea000 	C:\Windows\System32\NSI.dll
0x00007ffb5ec20000 - 0x00007ffb5ec2b000 	C:\Windows\System32\rasadhlp.dll
0x00007ffb64970000 - 0x00007ffb649f5000 	C:\Windows\System32\fwpuclnt.dll
0x00007ffb5f4a0000 - 0x00007ffb5f4aa000 	C:\Program Files\Java\jdk-24\bin\management.dll
0x00007ffb5cfb0000 - 0x00007ffb5cfbb000 	C:\Program Files\Java\jdk-24\bin\management_ext.dll
0x00007ffb6f970000 - 0x00007ffb6f978000 	C:\Windows\System32\PSAPI.DLL
0x00007ffb6d200000 - 0x00007ffb6d21c000 	C:\Windows\SYSTEM32\CRYPTSP.dll
0x00007ffb6c950000 - 0x00007ffb6c988000 	C:\Windows\system32\rsaenh.dll
0x00007ffb6cf90000 - 0x00007ffb6cfbb000 	C:\Windows\SYSTEM32\USERENV.dll
0x00007ffb6d480000 - 0x00007ffb6d4a6000 	C:\Windows\SYSTEM32\bcrypt.dll
0x00007ffb6d220000 - 0x00007ffb6d22c000 	C:\Windows\SYSTEM32\CRYPTBASE.dll
0x00007ffb5cba0000 - 0x00007ffb5cbb8000 	C:\Windows\system32\napinsp.dll
0x00007ffb5bf90000 - 0x00007ffb5bfa2000 	C:\Windows\System32\winrnr.dll
0x00007ffb51990000 - 0x00007ffb519b2000 	C:\Windows\system32\nlansp_c.dll
0x00007ffb65560000 - 0x00007ffb65576000 	C:\Windows\system32\wshbth.dll
0x00007ffb4a970000 - 0x00007ffb4a9c6000 	C:\Windows\SYSTEM32\pdh.dll
0x00007ffb6a740000 - 0x00007ffb6a752000 	C:\Windows\System32\perfproc.dll
0x00007ffb47660000 - 0x00007ffb47671000 	C:\Windows\System32\perfos.dll
0x00007ffb6b040000 - 0x00007ffb6b052000 	C:\Windows\SYSTEM32\pfclient.dll
0x00007ffb264d0000 - 0x00007ffb266de000 	C:\Users\Negar\AppData\Local\Temp\idea_libasyncProfiler_dll_temp_folder\libasyncProfiler.dll

JVMTI agents:
C:\Program Files\JetBrains\IntelliJ IDEA 2024.3.5\lib\idea_rt.jar path:C:\Program Files\Java\jdk-24\bin\instrument.dll, loaded, initialized, instrumentlib options:58085

dbghelp: loaded successfully - version: 4.0.5 - missing functions: none
symbol engine: initialized successfully - sym options: 0x614 - pdb path: .;C:\Program Files\Java\jdk-24\bin;C:\Windows\SYSTEM32;C:\Windows\WinSxS\amd64_microsoft.windows.common-controls_6595b64144ccf1df_6.0.26100.2454_none_3e0b68a2e331ad60;C:\Program Files\Java\jdk-24\bin\server;C:\Users\Negar\AppData\Local\Temp\idea_libasyncProfiler_dll_temp_folder

VM Arguments:
jvm_args: -javaagent:C:\Program Files\JetBrains\IntelliJ IDEA 2024.3.5\lib\idea_rt.jar=58085 -Dfile.encoding=UTF-8 -Dsun.stdout.encoding=UTF-8 -Dsun.stderr.encoding=UTF-8 
java_command: Main
java_class_path (initial): C:\Users\Negar\Documents\GitHub\advanced-programming-phase-1-group-12\StardewValley\target\classes;C:\Users\Negar\.m2\repository\com\google\code\gson\gson\2.10.1\gson-2.10.1.jar
Launcher Type: SUN_STANDARD

[Global flags]
     intx CICompilerCount                          = 3                                         {product} {ergonomic}
     uint ConcGCThreads                            = 1                                         {product} {ergonomic}
     bool FlightRecorder                           = true                                      {product} {management}
     uint G1ConcRefinementThreads                  = 4                                         {product} {ergonomic}
   size_t G1HeapRegionSize                         = 2097152                                   {product} {ergonomic}
   size_t InitialHeapSize                          = 201326592                                 {product} {ergonomic}
   size_t MarkStackSize                            = 4194304                                   {product} {ergonomic}
   size_t MarkStackSizeMax                         = 536870912                                 {product} {ergonomic}
   size_t MaxHeapSize                              = 3191865344                                {product} {ergonomic}
   size_t MaxNewSize                               = 1914699776                                {product} {ergonomic}
   size_t MinHeapDeltaBytes                        = 2097152                                   {product} {ergonomic}
   size_t MinHeapSize                              = 8388608                                   {product} {ergonomic}
    uintx NonNMethodCodeHeapSize                   = 5832704                                {pd product} {ergonomic}
    uintx NonProfiledCodeHeapSize                  = 122945536                              {pd product} {ergonomic}
    uintx ProfiledCodeHeapSize                     = 122880000                              {pd product} {ergonomic}
    uintx ReservedCodeCacheSize                    = 251658240                              {pd product} {ergonomic}
     bool SegmentedCodeCache                       = true                                      {product} {ergonomic}
   size_t SoftMaxHeapSize                          = 3191865344                             {manageable} {ergonomic}
     bool UseCompressedOops                        = true                           {product lp64_product} {ergonomic}
     bool UseG1GC                                  = true                                      {product} {ergonomic}
     bool UseLargePagesIndividualAllocation        = false                                  {pd product} {ergonomic}

Logging:
Log output configuration:
 #0: stdout all=warning uptime,level,tags foldmultilines=false
 #1: stderr all=off uptime,level,tags foldmultilines=false

Environment Variables:
JAVA_HOME=C:\Program Files\Java\jdk-24\
PATH=C:\Program Files\Common Files\Oracle\Java\javapath;C:\Windows\system32;C:\Windows;C:\Windows\System32\Wbem;C:\Windows\System32\WindowsPowerShell\v1.0\;C:\Windows\System32\OpenSSH\;C:\Program Files\Git\cmd;C:\Users\Negar\AppData\Local\Microsoft\WindowsApps;
USERNAME=Negar
OS=Windows_NT
PROCESSOR_IDENTIFIER=Intel64 Family 6 Model 142 Stepping 9, GenuineIntel
TMP=C:\Users\Negar\AppData\Local\Temp
TEMP=C:\Users\Negar\AppData\Local\Temp




Periodic native trim disabled

---------------  S Y S T E M  ---------------

OS:
 Windows 11 , 64 bit Build 26100 (10.0.26100.2454)
OS uptime: 1 days 20:23 hours

CPU: total 4 (initial active 4) (2 cores per cpu, 2 threads per core) family 6 model 142 stepping 9 microcode 0xde, cx8, cmov, fxsr, ht, mmx, 3dnowpref, sse, sse2, sse3, ssse3, sse4.1, sse4.2, popcnt, lzcnt, tsc, tscinvbit, avx, avx2, aes, erms, clmul, bmi1, bmi2, adx, fma, vzeroupper, clflush, clflushopt, rdtscp, f16c
Processor Information for processor 0
  Max Mhz: 2904, Current Mhz: 1502, Mhz Limit: 2700
Processor Information for processor 1
  Max Mhz: 2904, Current Mhz: 1502, Mhz Limit: 2700
Processor Information for processor 2
  Max Mhz: 2904, Current Mhz: 1502, Mhz Limit: 2700
Processor Information for processor 3
  Max Mhz: 2904, Current Mhz: 2703, Mhz Limit: 2700

Memory: 4k page, system-wide physical 12168M (5271M free)
TotalPageFile size 14600M (AvailPageFile size 5843M)
current process WorkingSet (physical memory assigned to process): 95M, peak: 95M
current process commit charge ("private bytes"): 320M, peak: 321M

vm_info: Java HotSpot(TM) 64-Bit Server VM (24.0.1+9-30) for windows-amd64 JRE (24.0.1+9-30), built on 2025-03-05T07:23:45Z with MS VC++ 17.6 (VS2022)

END.
